00166404D8
005E27E816
004E2D04D1
FFF993587C
FFF9D53BF2
FF8B2B29D1
00F6146D65
004DE156FD
00D9964E26
FF916E47D1
0009DE6BA0
FEB33C3E01
00EDC83A2D
0068FE045A
0047573E4D
FFE1E8E93F
FF77B40F47
FF54F41C50
004599C2C3
00D08C1B6B
FF36C8FA8E
FFBEF921AD
FFEC3CAD43
0007349A3C
0120891C2B
FEFE65A72B
001C4233C1
FE7BECCDBF
0073D24CD3
FFECE67A41
0080A3A0D8
FF1837D073
007BB27790
FF3DCC77F5
00D85B9C30
0198D3A024
FEF5538720
FF47A2E5A7
0029C24674
FF8C952D63
FFD75DDA64
0125B377E9
FDF0585DDD
FF892967E2
003346B88B
004857DD04
012543D742
FFEE9A80A8
FF102FC887
FF7A95D6DA
0122829E0F
FFF595FC50
0194CA6BF8
FFAAEC8238
FF4992D019
00202CF892
FF7BDF7552
00F7CBBE3F
FD3EB034D9
FE424F4691
FE06F8EFB9
004361A14B
005F0F266F
0171A6AB18
FFF4675DB3
FE8FCDE920
00DAB66523
01276CEF57
0020E2464D
00BDC78E7A
008A20AAE5
FEE8CA44BB
01BEAA65BB
002E1AA70F
FE0436D98B
FEC25DBD73
FFBB3F076D
FF57A9E58E
FFC36164F0
FFA361F446
FD67DBD13F
FFD2DC38AE
00719991B5
021EACBE10
FFD6BF4559
FFD5BD3B8D
00896C3E9F
FE92FC4991
0081026E3F
FFA58DF67A
FFF96479C7
FE47334726
0040272ACF
FF867FAFA6
FF3DB142A7
FF5A1809E5
FF6B06C4F6
FFEE4A1CDA
00AC989237
0022DFD615
FFAC87E70F
001EA1CBCD
01EDF7223B
FED5671745
0041660BFB
0024283AA0
FFAC8126A3
FF01EB989B
011A575361
FF8A68365E
01A9A2D13A
FE87B054EB
0006274BF2
FFD666D733
FF9C49C83A
FE72940916
00F50E2DDD
FF0043F9C3
006503AC13
0007B48295
01270C84C6
005962F510
003E191BFF
FE4451A823
036FD8D8B6
01405FB244
00A6B24D4A
00C4582EB9
FFD9A765EE
005842EDE1
007FB79CCF
0017684B63
FE5E5D94A5
FD85B636CC
00DF6D48F1
FE14E97BAC
FF2D734ADA
FF502842B8
01757CAF7B
FE97F18061
00EF27D4F4
01D5295BCC
FF79FEB5A2
FFF553518C
00F6167279
0301045D0B
008398CD0D
019F718C66
011910E210
FC2E8430AD
0005A343A1
FF651CAA4F
FEC7C1BE01
0131C50D6D
FF969CB5F6
FE542B1279
01BC35317E
0149A611F3
FE850FC7E5
FEF514B0CE
01BE772BF2
0088950E73
0093F2758F
00C42CF6EC
FEE2596C72
00BCB92859
FDFA168714
03043F3445
FEB7B33069
0044E3D103
FE8150A346
001F1A110D
00AF0535B5
003FC2F2EF
FEFE533F71
FFCEA5F036
018ACFB7AC
FEF3F9535F
FFBE341801
01E2561D2B
005B1A67C4
013FC7F4C7
FE41E102D6
042BD04838
FED371FFBF
0122388C33
FFF32666EB
FFC7CAE6F8
0084848E92
026B0216AE
FFF358715D
01A6DCE796
00A45A0A5D
00A1B4E996
0118B9CA69
0136244BA8
00782D7598
FF1E1B9778
000D9E45A1
0229FA3ED1
00DCC8ECB3
033C961078
0046B82C0B
0066CD25F8
FBDA56B1DA
00D7C9B97E
FCEE38FA3D
013EA94C0F
FEF0996099
FDF2191A91
FEF6AD1601
FF52DB5F3F
017858D5FC
FE2E84E245
000282EE57
FFBF69F381
014D83439C
01C5A2A842
FD2141B729
FF544AFD55
0189C554AE
FF559FC8D9
00F2BF11CA
024FEA85E3
FE12CF0D2B
FF1F043627
FD47A25216
035BD6452C
0168270D16
FFE49DA6FE
0181499923
FE14C54F10
014A5471EF
FBA90DC76F
01E103567D
FFE10B59EB
FDF6A680C0
FE4FEC61A3
01C929726F
00C6724B9D
FC5B38BF8A
021CF62538
01A5886C2C
0214D52057
01E76404DB
00F52DF6FB
FF5B86C5EC
01938EDFDE
FFEACE40DF
FF5972784D
005567C0EF
FF2C3640D4
FF002C2E02
FFC21AACF2
FE65F88F7D
009B22BC11
020D9C9D40
05E918FCA1
FFE32D6BAB
FB0B2D370E
0062B5DCE1
0212E8AE55
054ABF81D7
012E707198
FFB1D54934
02B2C1226A
000CBA40ED
01540395A4
FE5084B73A
011E5555B1
FF301D420D
011783066E
013B0C6355
FF05347B04
FF56C5A38D
000A18ABC5
0153CEC287
01B3B38205
FE12C4DB46
01AD113DF9
FD2167D163
FD659780EA
FFCA82EC5D
FFD9BD065F
01FE2F9694
FF22BFBD0B
FFB0E72BE8
FF90C3BD92
FE36F39D20
037B5C3285
00FEA595AD
0005A91A5C
01619AB2DB
000B87197E
034565B15D
FF48F1CCE9
FE256E8BD0
03806C4DE0
0145C164E7
FEAD525A1D
027E2A2428
FF23055082
FF3AF23BB4
FF1B58F9D4
FF1DE69769
0053C3778F
00DCFD52FF
FEEEEB9248
FF697CA1ED
0127AEEA04
FF94830772
FF3B5CB05D
00BBAD6D6A
FF4BF52E70
FC93199354
00F9510914
01B9EC1535
017BD7AB7A
03C6B479A6
FDB2C3D8B3
052BE30EEF
015EBFBA46
FDD6CD9308
FF1500838C
FF3ADCEDAB
01004F6325
FBB2BD2C3D
FFC4FEAC47
FF3944BD64
FE6D83BC04
0178A1C912
01FB3517E3
023D618571
013AD37FDA
FD58C4B9E5
FEB77BC66A
00AE3D9EE2
FE1189407E
028B650663
FEDF92294E
FF4B4013DD
0151CCC0EC
FE864C8129
01B2679697
FF5D3AC1EE
00BDEEAD6B
0252D54BA2
02657D05A5
0120172EA1
FFBB159288
FE98CDD220
022FBB23A5
FE106726FD
0098E23540
FFB19D6D25
FD8DC1DD50
0360AE5B98
01716C45DD
FF90972227
FC259B866F
018FB14461
02A50E904D
02D6B1955C
00CBF12586
FE2C73CA83
013EAB13AA
FC576F41BE
029B1CBB9E
00701CBD61
FF82A43915
002F102D2B
FED69421B6
0204C6832D
FFCD415883
FD106DD2F5
FFDC6C73D5
0223E4630B
FDE6CE4DA8
FC62769CDB
0173EE99DC
FF8B18F17F
FE4B5326AC
04BED188B8
02842B45BC
FE0815E996
0240F127D4
007C01F7D7
0114C748B9
02D895EF5F
005A83AC7E
00AA0ACA76
0392AEE533
0113DC716A
FF7812A0CD
007E76CA91
FDA9C89D42
00740CACB0
010F35C184
FE1BE12E42
FEC19DCDF5
00BD1508E0
FDCA3E5E13
007CB8FAEF
0244F7D2EF
FF4EF109D5
F97A0D6B98
021C06636E
012C3008DB
FFA4BBAF9D
016C6C4C97
023ACA10CE
FEDD61ED2F
001001C3E9
FCA340A9A3
001C7469DF
FD1CD32E11
FF334416E1
FFCBEE8999
025FB3D4DA
FE48581545
FF46D0C862
FCB3DA518E
005450646F
02EB8C8546
016CD358EC
FF1DE75C3A
FF6D4FDA2F
FE4C2B3733
00B5805428
01CC07BF82
FFD4D73F11
002815892B
FD4D6A7D2A
FE28878FF6
FED3EFFAB8
FFF2841D69
04D5230D18
0105592EB5
01F9BFDB45
FEEDDDC499
FE7AAC2891
FEA03316CD
00CD897213
FEEAF8FD34
FDBC7358B1
FE24538882
FE93AB452B
FD2613E7E9
FDFFE33A31
00BE3EA2CF
FD8926D4FE
017B43BB9C
FBC841BF70
FE3944E388
FE390E4F9B
FD000B5456
01DEF3A3E3
032175EA75
011B793494
FF3C7FC84A
0231904BDD
01999D81AC
002FA24970
0472362507
0121AC0D7E
015DFEE276
FF3C62170F
009CA7C247
FD57592E19
035B031607
FDA0CE6A0C
FE3498E823
00C85B8B72
FFEADB98C7
FC430AFEE7
FFC6D49506
0073519E3E
0173E79A22
0315EEE6D1
00EC76B522
FFCEB56223
FEBD619AC8
00429FAEBA
01D3B1E850
FEB1147325
02EC1988BC
FFAB8BC5F3
000F969675
FDA53B2BDE
FFFA16C4E3
FDB2C44A9E
02165A2302
032C9DEDDD
FE8733146B
FEF40609BC
00807D780D
01499751C7
0052728D1D
018795A91A
FE6BE1B32D
009666CAD8
0053C93CC9
018CC4319E
01723C7BEC
036D20F214
02CB68BDEF
0133531231
02FE4EFB2E
FD9929F69F
0102A43E49
FE42B708B3
FF97054E86
0281C29475
FEE46AB1EA
03DFED3A64
FEF3B5EAA1
01A4DBFEB3
FFB0755226
FE14A19BFD
FE8E94BC24
FF93A4DBFC
FEE546FFCF
FF8945FB65
FE1FFFA66A
011EDDC4EE
FE57BA8FA5
FE07E1B46D
0221C3DE34
FE7B795734
005E3E3183
FEE3E74BA8
FDE2B23C3E
006E3CDFAC
0022B3E525
02153FF2CD
01E59EDF96
02D0EE8AB4
01B339DC2B
01F10A672F
012AA758B1
FE46C07EFF
01397ED575
00E93C96D2
FE91020269
017EAEADBA
01403D3156
FEA7636145
FD5169C445
00DB5B0499
FF2ED3E041
FB5FBBF63B
008889B584
0215C0D70A
FFAF0A2865
00A0BCE15A
FE1493ED58
001EECF7C8
0456CC72F2
FE410865DA
01D1891FCA
0086EF27CF
0002B54F60
FC34A6BCBC
00AA1F9E13
FF3E4E0AB2
FFEEBC5142
FF52D5D21A
02BE5DD4FF
FED59347C3
01E3A8099E
0057932BF3
FDF51AB8C0
007E15220C
011D0F1950
FD79E1FC31
00D8207FCD
FDD5F77A9C
FFFB09C1B9
FF79538C7B
0225C5470E
02EF5AABAF
017A736BC4
0100C1A0D5
02DD6366C6
FF99D7B591
FF78B2D14C
0266556D0E
000DC2EF2F
009461E176
FFAFDCE6A1
00C2AA4A94
017B39D220
FEF67A11A7
002E15ED97
FEE8060298
FF365555D1
FFF03C45C2
021B09AF52
028AF300ED
FE8EF6B2CD
FDBB8234FD
012AC560B2
018F29AF05
FEF71950C9
013F74C41F
01677717A5
FEA0C0DDE6
FEA401AE68
00CA93FE9B
0093E1FE27
FE8FEFBDF2
0091A145CD
01427CCA28
FF34399077
014D9E20C3
0324E64204
FF2A619001
FF8363F4AB
FFA1E800B5
00938CADF6
01FD492C71
FD9DB64BB5
00D5525818
010C1A8D87
011522D5F5
FEA421FA0C
FF1062F8B1
FFB29B5FB2
FD7AC58062
00DD7CB9A5
FFAE04B83D
FEA05C6D22
00453A5FC8
011041015E
01842BF741
0126456819
00E487DB9F
FFFD3E84C7
0119B5E016
FE5B7B0CC8
00A9630E69
FEE8FC8201
02836B261A
FEBEE08CCF
FF6DBF84CD
00AA47D6E7
01DE491B02
FEC856A401
FE52882BBE
FF8C034330
FE492DF974
FFCBA4631B
00253F41BB
FFA14EDD6C
FF744CF37E
FF0F802131
00F7691E51
02A8106B98
00F0A2B618
FDD4BD3DF4
0149708D37
FF29AB8AE9
FED97D60E6
011EB49CD5
01F988DBCB
0094792469
FDE07FBB57
01D1C97ACB
0232095398
011D137DF6
018C039D6B
004821CFB0
FF1E18219E
FF24EDA79C
015FCC535F
0215927705
FF6CE91CE4
FD9CEA7768
00251E8FD3
FFB2563BB3
FFE20927D9
0170C12D0E
020A5A2C7F
0093CE7E76
FECCDC8B26
FF8863AB94
00CF8632C0
00B65ED176
FFC10023D1
01BFD6C141
01ED09B736
FEC67C1570
FF8E7FF0AE
000EE30D1A
000430DF62
FF0F45B376
009F960C10
FF6D3BF391
00973EEE9D
FF653B57FE
0025360D01
01B3CDC0D5
018498B2D3
FFCDACD12E
FFA75BE46F
0074525C7B
FEE7898B22
FF0E0FE168
000D0B16C8
012EB744E2
0106BA4D43
0052FF82F2
015790C969
FFC2A04399
FFA52003C0
FFEF086787
000D9ABCC9
00B96738DE
0049FA4B78
FF9D84F549
00AABC2F5A
FF45562339
00B41A1B98
012B58C41E
00AA1AFDB8
FFBB4A9544
FF07340CF9
FF8F5499CF
FF9368EF21
FF7BA5FFAB
00B8EA1E2B
FF5DAC6561
FFA62C13CE
FEE8487E64
00D2E2585D
002BBCC125
0014B9071E
00104A6B0B
FFC163ED34
001C487108
004E2C620F
002D688721
003F6C73C8
FFA7F0BF17
008FD40B6E
FFFDACAA2B
00E52F2406
FFCFFA6E4E
005FEE97E4
FF65F72F58
FF82FD4DB0
FFBDDEBD61
FFDD3DBA70
00027CAB8A
FFD15E288F
00188DABB0
0029E3C64C
00377D4471
0010A77F9D
002D247DE1
0005FDBDA6
00297916CE
FFF6A160EB
0003CF5A3C
0016B75F2D
0015350AE5
FFF59BFABF
0000000000
0000000000
0000000000
0000000000
ACFC0F3C8F
D96C144F72
71D80BDCD2
9F8195C75B
9BE040F212
4F1A15D7C8
9F8EF5A7E8
BBC34E5304
5B407BE4DF
640A530CD2
334F7E221A
191F633465
B1E974540B
B96593DB97
71B07F881D
3D970DC993
7631193DE5
AF7320779C
A4FC5E14E1
2420332D16
162A89CC22
7D2EEE239A
B94D242B8F
62863CE9DB
45B133C0F1
6BC00D942E
8DF72509AF
268A8FC0AC
FF6B8A5623
CC8CAAFE0B
E2C23AC16F
8DBB7E242E
8F637DA295
24EFF745FD
621B1FC0E3
2D2AA09FF5
7009A1E863
1E198DBE83
4D3FB924E3
765F720ADD
B5CFE32C43
473FAC7E49
D8A1B67EF6
6A9B5263A9
DFFC74C41D
3995C0CD87
DACB912B87
5522D98E24
71D70E5805
373C9719AF
0ABC586F5E
64D7681521
FC823EC3CF
213D598717
A98D35075C
1757A9DC03
6762AEEF78
563C7A93F5
0FB41CA487
1A3F64B1E1
B01654FC7D
ADBE74E88D
5265DCC9B4
FD01580B60
F07BAE43E0
84B8E6DDCC
01C038F3EC
292EB6EAF8
9EAF93F01A
B239B784C0
8179FFF1F3
BD2D5FE367
8540D608FC
5C4FC3F94D
AB9F5C8021
2C0A68B1D0
3AD59FF605
AC39871BC2
E3921B651B
B507F34CD4
724C0ECCA7
2B4D606217
B9835E7351
682FBCFFDD
80928D7234
21466C8653
F654EE9E3C
2F28DCBA9D
3C3A9CF3AF
4D50F2E063
2866E47437
23A087C0ED
55A0678402
1957620EAC
68BAA8FEAE
BFC2CA4AEB
AFE0D1B7F7
BB60F80056
B755087B75
FFBDEC6AB2
0F4C4284F0
5926D4D669
296A2EF8EF
DE90265243
C35FE95E05
E0E0374BFB
51CCDBD884
17140F9AB2
BC948A2D35
5F5D80DBBE
3C3672EC36
D5166E7331
3E663C3585
0B16B82551
8EB75F19AC
8BCCE352FE
246184BC3B
6FAAF941B2
2637625575
9DA32EAE27
8BC3758367
02E800EED9
9DE8D6FD3F
FA8BDA27EF
88CCEE2518
181E14B5C2
57AB3BCC10
A976370E80
E7A0848510
166E696638
08C3729D50
2A3BA26AD9
432329238A
2FD6C68724
7A1F767A4B
74A01B550F
CCA0D0F196
66008534D0
56353CBB5C
F24096AB37
916D2BAA98
DED116DFB3
A25136AFF8
DC5994A840
A129413413
57AB61262A
462401CA2B
085350220A
C2E6719005
F9D7FE2FCB
52EF726ED8
A9BE007D48
3746EA4BAA
87638CFF60
D21FA78E84
113E20580E
99EE0EBD63
E75695B9A2
7C12A03B77
AEE31C6A7E
EDB4F9857D
C50FEF5DBC
6473E3D832
FEB9860F33
E8D964277D
F8BC0A29C6
AF0E8FDF35
9C0B1248E0
EB7209D9B6
A20F332841
4C0ADD3AB5
35AE2BCF32
0B3B3C1B55
6B348078CE
E1A176245B
0D7E3BBE22
D1137A8EDE
C2D1B2FD92
CA895A1368
3F2E116B3B
29ADEA565C
528DA65FEF
5E43DEB00F
229BDE0CBC
E2583E79D3
BBAA57C4F1
62AAE410E8
5033F54201
F4196FFC25
6353F15E9E
38E9E7CAD4
DA233D4B95
04F6B891B1
A29F16FF86
C5C1B28541
502039D831
342B6240A4
70E0CB20CF
F3C20A65F0
7FF3FF6B5C
9364FBC072
2C7BC033EA
A9BE68EF13
C96805FE31
073D0C8DCF
D9F056C384
CDCF225E9B
087BEA0F01
40B67CA1F3
85A49EB5A5
3487B1818F
8E30871A1B
342DBFE644
71FCC835C6
5C813A09F8
544C2AEAC3
D624F836A6
2B3E9055B2
3F855EF35C
DB7A7947D9
BB40931DDD
4C94F9FA1F
B42E0DABB6
2EBB1C17D4
B90C61B4C1
A5F1B13298
79BF211B89
4747438404
1AF37104CE
