0000000000
FFFEC9FFFF
FFFF3DFFFF
FFFFB1FFFF
FFFDBBFFFF
FFAED1FFFF
FFBB67FFFF
FFB5D3FFFF
FF564BFFFF
20CFEC0009
1470220023
5965BC0063
728E9A006D
7AFF400117
AD31620062
63D39400F6
14FE9B2C4C
F4AF7ACAA3
791C2463B1
1E7B12D075
BDA378FE9F
D6C5CAB568
25AA75C233
7836E5EDC0
FE5AB3237D
8E9B68583F
B189506CE8
C486F39F3A
C9846E2D11
E2CEB3E32F
000E1EF68A
074D78D0B2
C7F215F5A3
9AF02BCB89
C2F336656F
A00D518AC4
1BF0176BAC
C2EA685E95
646309CE6E
25768F7D32
64300EF397
2580F20E76
245AF88EE7
C126E622BC
246DFB9162
4208987167
F9DA86EFFD
54A763D31B
40C445EF20
4F46811A56
68D4F17EC8
36DF86F88D
4AEE00A980
536AD2415A
83BF6A199A
FD3B936FBA
4EDD587350
DBD2667BFC
D51B34220B
5DF52EF3EA
1290F2F573
9AEDA9F5EB
5CC9281BDD
B5BCBC180A
781D93E5E4
6F6CF4E6A0
4DE230F5E3
2DF40C98F8
07149E8889
04C8358336
25542B8C1F
23ED8698C0
1444FC683F
1E643810F6
02ADE5B362
01FDD5E1EC
0F1C30D745
09E8283D45
0A18DDCC50
0713EC9C19
0020495535
00DFE2502A
0051A23343
CF8D40FF7A
E20C4C7863
DD943A7938
9737F13BA3
67FA6F6291
BA6356C2B7
2628AD6935
E211BE6F89
CD70542D1C
A4A3516C89
AF8E1536DE
AF09E5EC3F
31AE027434
5DFDCCCA5D
7165F44C7D
8E5D218B9C
27D851B9FE
99F67BBF77
F9B66F5A5C
B0D6072FF6
FE7F838AF1
6503D4627A
2FFFE6C541
85704B20CE
A346CC0AA5
572B037812
AE56D5DE9C
1FC073B66E
1AE38952AF
738986D409
54112455D4
479637410D
3E0D8C4895
01D9655C5C
FF84203370
FFA89F6D2D
FFE9DAD494
273506BC4D
1D565B9772
0A2A80E958
3E80EF325D
9F60982249
370911AD1B
6CF17A9C5C
46A7ED395A
769AF8174F
6B6ACAA050
D9546A7B33
54C7855C6D
32571FE0BE
610FFC8FE7
3CCC36A435
36257AF050
38685F3BA8
FA05943E14
FD2C80A53B
F822BE9D84
FE163B2E1F
FED81F3A73
F13B04C77A
EB169AF94B
F27A47E752
EB78F2BB25
D63BD1BB80
DDAD25A6DE
E29F72B0AB
D3F7B86C11
F2D5B07E54
E346A4E2AB
98C86441FB
A70A77C50F
D1F08FDFF6
9C8D061313
8CE423A4F6
E6B9C80F4D
8BB73C0CE2
0E95FEC53B
DD6FA6A968
B7679C878F
A20A1B4CE2
BCF257D4B6
F99807F9A1
2C7F9BE546
24DB9E004B
1AFE711055
1E277B7E68
3A8F37EC0B
0C0A07C53E
3C67472022
0407E91F23
05247639A1
389F3DA13C
D7F6010D64
EB7A037F00
09F4090D2B
6382F10FD0
104A600476
D0290C907B
FC543685BC
CFD61BF609
E24ED13804
0902C7D30A
551C7FC774
751F1FD4E7
7CD5372B9A
F08B317F6B
FE56944FC6
F87BDE20EF
00E6EC8749
0750A1DB27
0578E24DB1
DDED04C788
EB7CA158F5
F689635797
B80A6A5879
858CA37260
E5E95573B2
85140547A2
E82B0F4410
E4FF18A127
D73BC0EAED
CB522661A2
C4AABE6F33
48CC402EBC
D54B1D55C4
18CFFB5636
D1F9D77B9F
FFD3316FF0
055BD31797
D3D4A22985
A255FEE8F3
777F8F1548
3B9D3AE961
D26BAB913D
E511EF5EBD
AEBA85DE67
82F0251386
E38C15097E
82694650DD
EEAE8B70B1
F38EA2AAB1
8D115A88F0
AB183912A6
B885752C71
C1D54CB34D
FCFD03AA77
000A9D1920
D968910D76
E7C6A87DF9
F6D58B89E2
B80A78CEB9
8A33921AC7
E963F468BB
87158D6868
F2BBE85971
F53D661AED
8EF9BA12FC
AB02837605
BD4AFA61F4
C93EC4571F
FE7681C7D9
07C34C84D2
FFFFC7DB5D
007698C898
0790AB0918
041D02AD7C
2B4FBC4778
1C927EA47A
0960B57CFB
486F3CA3BC
762C6E4C35
16351E7E9A
795A138E31
0CD1C6C311
0C034B4046
72A66078AA
54A6DD9552
4748EA5916
3E3F5D1D4B
02A0CCAA21
002EEC3CE7
FFF797D9C8
FF5635C07B
008274285E
FF63F72BB5
005A6271F8
007479F555
FF878D8F3B
FFA681D308
FFB2E09E1B
00516CB0A0
FFADBB4947
007C7A78D5
0008778B26
0091802FA5
FFFCDB0A00
00B989C30C
FFEA874645
FF5B41441B
FF8E4115FD
FFCE804CEF
FF6CB00C00
FFEC1490A0
FF54330266
0095E64411
FF908A2220
FFA3480E76
FFEF2DD77B
0029A28E04
0043CBACEA
00161D86AB
FFB5A69B3E
00528588FE
0059BDA81E
FF6C5E735B
00EEB99893
FFD908AC30
FF968F07BD
002AC27467
00109691C3
FFCCBCC8BE
FFDEB5C6F0
FFFE63516F
005F37C66E
FF4C8B9ED0
00013FCF7D
007E90A1C0
003A3AD4B5
00C0D0D775
00776CE7E6
00B68479C0
FF84ADBD9F
0018A8FAB1
0029A19E57
006C47E45D
FF5587E0E6
FF17AF6AAD
002E806F25
FFB5B94B1E
00DBAFA998
FF5CAA939F
FFD597C315
002D924F30
004E9A174B
00CA789614
00AAD09AC1
0073612FDB
FFB29603FB
FF80C7F4EB
00555CAEC5
0066D070EC
0056B27D37
FEF1A0180E
009C5AC6CF
FF10CCE497
FFBCB3194B
000C16EEDD
FF61BE795B
004FAB2C40
FFF8E5527B
0041B18721
000FE477A5
FF7FE1AECA
002421754F
FFDDFD4F0C
FF9EC828A5
0018E3A8F6
FFBF98F656
FFBFF01DC3
00270D3A35
FFAA3A6E56
FFF6C1D425
FFEB061616
FF57C19F84
FFE511E019
00D49DBA07
0034640E5F
00554A3A59
FFD3A047AB
000CBFF391
FFECFFFD6A
FF7096DAA2
00EEDAA875
FF9C7352A1
FFFB749588
001F519045
0034B5AEED
FF3E5A5131
0045A2A5CE
FF8AFAEAE5
FFAEDC9BE4
FFF6BA2C3C
00450A5433
0024C8CA58
FEF2FBF422
00229B3052
0060AB8C3E
FF7A4B03AC
005CF75CBF
0011ECD670
FF5C6966A1
001164B42A
FF36C558F3
FF93D2485F
FFC3F36F41
FF56DAF79B
FF71AAAF14
0010F20452
FFC1FD6B00
0057AA4971
FF79CBCE13
FFE1B623A3
00C23336CA
001E72E8C5
00193EE7A2
FFD0AC23C8
FFAB632379
FFBC647364
FFAB89BAA0
FF81E17141
FFA1AA4B9A
004A026301
003B2DE037
FFCE10FD44
00954E56CA
FFBDBFFB6C
00FE4107AD
000E16C2D1
00C878EC80
000B16AAF6
FEE9FDB5E3
FFC86AFEB6
009456EA0F
FF42CD4DDC
FF3FEE6B26
0007EBECAB
005ED1C3D3
0043BD883B
0091806EB6
00AD4D86E4
0094759934
005FE84503
0036124D24
FFAD672D46
00769A44F9
0040B895E0
FFA207A4B9
FFEA50C3A7
FFD996F9C8
FF67A6F2FE
FF63135803
0034B6A20D
006B3DCC92
0000EDD2B8
002A3C1450
000D723D8A
FFECD59A49
00257BCACB
002DE4D844
002399C851
FFD6FE64C4
FFFCDA990A
00D3F15FA4
FFDA57934D
FF91A86E28
FF5A0C922B
FF88426656
00470DC8D5
FFCD700277
003204CA3F
FFD7B75CB4
FFA3E16E7E
004F8237F1
FFC3507BEF
FFA4AE283E
0065F9F0FC
002DFC81AF
001AE64756
00918D6E6E
FF690A5F2C
007023ABF1
00005F15FE
FFFA0318CE
FF64922A05
005D88AB00
0004FC3CBD
FF8270E61C
003C9E3B4E
006E7FF539
FF51DEEEEF
0025C07997
007529C8D9
FFE7096893
0012E9F2BA
003F00BD5A
FF718C5E43
0029C96384
FFE2DDB88F
FF79B62663
FF5199B148
FFEC4898FC
000E2CD74C
0073961CED
FFD3D538F6
000C719111
00B655E55C
FF9C79847E
003DD1790A
FFE82FE7AF
FFB11FF8E2
FF51F23760
FF6E84F756
FFDEB6920F
FF94AF70DD
FF9FD0F49D
FFDE85D711
FF9B9768DB
FFBA26BB24
00A97909B7
FF7CC6108C
0045B4CEAB
00E3360EED
0050371640
FFF292DC4E
0096A82567
0054B1D9E6
001D390F6E
FFB1CF4945
000EBEA52F
